######################################################################################################################
                               PROCESSO PARA CRIPTOGRAFAR OS ARQUIVOS DAS EPS CREDITCASH_CANAL_DIGITAL                                  
######################################################################################################################
CRIPTOGRAFIA DO ARQUIVO CREDITCASH_CANAL_DIGITAL_20220328_20220329_000006.csv FINALIZADO COM SUCCESS.
######################################################################################################################



######################################################################################################################
                                   PROCESSO PARA REMOVER OS ARQUIVOS DA EPS CREDITCASH_CANAL_DIGITAL                                    
######################################################################################################################
REMOCAO DO ARQUIVO : CREDITCASH_CANAL_DIGITAL_20220328_20220329_000006.csv FINALIZANDO COM SUCCESS
######################################################################################################################



######################################################################################################################
                     PROCESSO PARA COLOCAR A EXTENSION (.csv)  NOS ARQUIVOS CRIPTOGRAFADOS                           
######################################################################################################################
EXTENSION COLOCADO NO ARQUIVO: CREDITCASH_CANAL_DIGITAL_20220328_20220329_000006 FINALIZANDO COM SUCCESS
######################################################################################################################



######################################################################################################################
                                          PROCESSO PARA COMPACTAR OS ARQUIVOS                                         
######################################################################################################################
COMPACTADCAO DO ARQUIVO : CREDITCASH_CANAL_DIGITAL_20220328_20220329_000006.csv FINALIZANDO COM SUCCESS
######################################################################################################################



######################################################################################################################
                     PROCESSO PARA REMOVER OS ARQUIVOS DE LOGS DA EPS CREDITCASH_CANAL_DIGITAL DO DIA ANTERIOR                          
######################################################################################################################
REMOCAO DO ARQUIVO : CREDITCASH_CANAL_DIGITAL_20220328_20220329_000006.csv FINALIZANDO COM SUCCESS 
######################################################################################################################



